[debug] [2023-12-19T09:45:26.814Z] ----------------------------------------------------------------------
[debug] [2023-12-19T09:45:26.820Z] Command:       C:\Program Files\nodejs\node.exe C:\Users\Diego\AppData\Roaming\npm\node_modules\firebase-tools\lib\bin\firebase.js init
[debug] [2023-12-19T09:45:26.821Z] CLI Version:   13.0.2
[debug] [2023-12-19T09:45:26.822Z] Platform:      win32
[debug] [2023-12-19T09:45:26.823Z] Node Version:  v18.15.0
[debug] [2023-12-19T09:45:26.826Z] Time:          Tue Dec 19 2023 09:45:26 GMT+0000 (Greenwich Mean Time)
[debug] [2023-12-19T09:45:26.826Z] ----------------------------------------------------------------------
[debug] 
[debug] [2023-12-19T09:45:26.860Z] > command requires scopes: ["email","openid","https://www.googleapis.com/auth/cloudplatformprojects.readonly","https://www.googleapis.com/auth/firebase","https://www.googleapis.com/auth/cloud-platform"]
[debug] [2023-12-19T09:45:26.862Z] > authorizing via signed-in user (merymmery2024@gmail.com)
[info] 
     ######## #### ########  ######## ########     ###     ######  ########
     ##        ##  ##     ## ##       ##     ##  ##   ##  ##       ##
     ######    ##  ########  ######   ########  #########  ######  ######
     ##        ##  ##    ##  ##       ##     ## ##     ##       ## ##
     ##       #### ##     ## ######## ########  ##     ##  ######  ########

You're about to initialize a Firebase project in this directory:

  C:\Users\Diego\my-react-app

[info] 
=== Project Setup
[info] 
[info] First, let's associate this project directory with a Firebase project.
[info] You can create multiple project aliases by running firebase use --add, 
[info] but for now we'll just set up a default project.
[info] 
[debug] [2023-12-19T09:45:45.463Z] >>> [apiv2][query] GET https://firebase.googleapis.com/v1beta1/projects pageSize=100
[debug] [2023-12-19T09:45:46.742Z] <<< [apiv2][status] GET https://firebase.googleapis.com/v1beta1/projects 200
[debug] [2023-12-19T09:45:46.742Z] <<< [apiv2][body] GET https://firebase.googleapis.com/v1beta1/projects [omitted]
[info] i  Using project my-react-app-3e540 (my-react-app) 
[info] 
=== Hosting Setup
[debug] [2023-12-19T09:45:49.074Z] >>> [apiv2][query] GET https://firebase.googleapis.com/v1beta1/projects/my-react-app-3e540 [none]
[debug] [2023-12-19T09:45:49.826Z] <<< [apiv2][status] GET https://firebase.googleapis.com/v1beta1/projects/my-react-app-3e540 200
[debug] [2023-12-19T09:45:49.827Z] <<< [apiv2][body] GET https://firebase.googleapis.com/v1beta1/projects/my-react-app-3e540 {"projectId":"my-react-app-3e540","projectNumber":"745523846656","displayName":"my-react-app","name":"projects/my-react-app-3e540","resources":{"hostingSite":"my-react-app-3e540","realtimeDatabaseInstance":"my-react-app-3e540-default-rtdb"},"state":"ACTIVE","etag":"1_a7122286-f50a-4a19-a3ee-f4063a53da7c"}
[info] 
[info] Your public directory is the folder (relative to your project directory) that
[info] will contain Hosting assets to be uploaded with firebase deploy. If you
[info] have a build process for your assets, use your build's output directory.
[info] 
[debug] [2023-12-19T09:45:58.709Z] >>> [apiv2][query] GET https://www.gstatic.com/firebasejs/releases.json [none]
[debug] [2023-12-19T09:45:59.521Z] <<< [apiv2][status] GET https://www.gstatic.com/firebasejs/releases.json 200
[debug] [2023-12-19T09:45:59.521Z] <<< [apiv2][body] GET https://www.gstatic.com/firebasejs/releases.json {"current":{"version":"10.7.1","browserURL":"https://www.gstatic.com/firebasejs/10.7.1/firebase.js","packageURL":"https://www.gstatic.com/firebasejs/10.7.1/firebase.tgz"},"live":{"version":"10.7","browserURL":"https://www.gstatic.com/firebasejs/live/10.7/firebase.js","packageURL":"https://www.gstatic.com/firebasejs/live/10.7/firebase.tgz"},"components":{"analytics":"https://www.gstatic.com/firebasejs/10.7.1/firebase-analytics.js","app":"https://www.gstatic.com/firebasejs/10.7.1/firebase-app.js","app-check":"https://www.gstatic.com/firebasejs/10.7.1/firebase-app-check.js","auth":"https://www.gstatic.com/firebasejs/10.7.1/firebase-auth.js","auth/cordova":"https://www.gstatic.com/firebasejs/10.7.1/firebase-auth/cordova.js","functions":"https://www.gstatic.com/firebasejs/10.7.1/firebase-functions.js","firestore":"https://www.gstatic.com/firebasejs/10.7.1/firebase-firestore.js","firestore/lite":"https://www.gstatic.com/firebasejs/10.7.1/firebase-firestore/lite.js","installations":"https://www.gstatic.com/firebasejs/10.7.1/firebase-installations.js","storage":"https://www.gstatic.com/firebasejs/10.7.1/firebase-storage.js","performance":"https://www.gstatic.com/firebasejs/10.7.1/firebase-performance.js","remote-config":"https://www.gstatic.com/firebasejs/10.7.1/firebase-remote-config.js","messaging":"https://www.gstatic.com/firebasejs/10.7.1/firebase-messaging.js","messaging/sw":"https://www.gstatic.com/firebasejs/10.7.1/firebase-messaging/sw.js","database":"https://www.gstatic.com/firebasejs/10.7.1/firebase-database.js","firestore.memory":"https://www.gstatic.com/firebasejs/10.7.1/firebase-firestore.memory.js"}}
[info] +  Wrote public/index.html 
[info] 
[info] i  Didn't detect a .git folder. Assuming C:\Users\Diego\my-react-app is the project root. 
[info] i  Authorizing with GitHub to upload your service account to a GitHub repository's secrets store. 
[info] 
[info] Visit this URL on this device to log in:
[info] https://github.com/login/oauth/authorize?client_id=89cf50f02ac6aaed3484&state=194835934&redirect_uri=http%3A%2F%2Flocalhost%3A9005&scope=read%3Auser%20repo%20public_repo
[info] 
[info] Waiting for authentication...
